2020-11-13 11:36:15 Info: job GenericEmail, id 1 (pid 16562)
2020-11-13 11:36:15 Info: job GenericEmail, id 1 failed and requeued (pid 16562)
2020-11-13 11:36:15 Info: job GenericNotification, id 2 (pid 16562)
2020-11-13 11:36:15 Info: job GenericEmail, id 3 (pid 16562)
2020-11-13 11:36:15 Info: job GenericEmail, id 3 failed and requeued (pid 16562)
2020-11-13 11:36:15 Info: job GenericNotification, id 4 (pid 16562)
2020-11-13 11:36:16 Info: job GenericEmail, id 5 (pid 16562)
2020-11-13 11:36:16 Info: job GenericEmail, id 5 failed and requeued (pid 16562)
2020-11-13 11:36:16 Info: job GenericNotification, id 6 (pid 16562)
2020-11-13 11:36:16 Info: job GenericEmail, id 7 (pid 16562)
2020-11-13 11:36:16 Info: job GenericEmail, id 7 failed and requeued (pid 16562)
2020-11-13 11:36:16 Info: job GenericNotification, id 8 (pid 16562)
2020-11-13 11:36:16 Info: job GenericEmail, id 9 (pid 16562)
2020-11-13 11:36:16 Info: job GenericEmail, id 9 failed and requeued (pid 16562)
2020-11-13 11:36:16 Info: job GenericNotification, id 10 (pid 16562)
2020-11-13 11:36:16 Info: job GenericEmail, id 11 (pid 16562)
2020-11-13 11:36:16 Info: job GenericEmail, id 11 failed and requeued (pid 16562)
2020-11-13 11:36:16 Info: job GenericNotification, id 12 (pid 16562)
2020-11-13 11:36:16 Info: job GenericEmail, id 13 (pid 16562)
2020-11-13 11:36:16 Info: job GenericEmail, id 13 failed and requeued (pid 16562)
2020-11-13 11:36:16 Info: job GenericNotification, id 14 (pid 16562)
2020-11-13 11:36:16 Info: job GenericEmail, id 15 (pid 16562)
2020-11-13 11:36:16 Info: job GenericEmail, id 15 failed and requeued (pid 16562)
2020-11-13 11:36:16 Info: job GenericNotification, id 16 (pid 16562)
2020-11-13 11:36:16 Info: job GenericEmail, id 17 (pid 16562)
2020-11-13 11:36:16 Info: job GenericEmail, id 17 failed and requeued (pid 16562)
2020-11-13 11:36:16 Info: job GenericNotification, id 18 (pid 16562)
2020-11-13 11:36:16 Info: job GenericEmail, id 19 (pid 16562)
2020-11-13 11:36:16 Info: job GenericEmail, id 19 failed and requeued (pid 16562)
2020-11-13 11:36:16 Info: job GenericNotification, id 20 (pid 16562)
2020-11-13 11:36:16 Info: job GenericEmail, id 21 (pid 16562)
2020-11-13 11:36:16 Info: job GenericEmail, id 21 failed and requeued (pid 16562)
2020-11-13 11:36:16 Info: job GenericNotification, id 22 (pid 16562)
2020-11-13 11:36:16 Info: job GenericEmail, id 23 (pid 16562)
2020-11-13 11:36:16 Info: job GenericEmail, id 23 failed and requeued (pid 16562)
2020-11-13 11:36:16 Info: job GenericNotification, id 24 (pid 16562)
2020-11-13 11:36:16 Info: job GenericEmail, id 25 (pid 16562)
2020-11-13 11:36:16 Info: job GenericEmail, id 25 failed and requeued (pid 16562)
2020-11-13 11:36:16 Info: job GenericNotification, id 26 (pid 16562)
2020-11-13 11:36:16 Info: job GenericEmail, id 27 (pid 16562)
2020-11-13 11:36:16 Info: job GenericEmail, id 27 failed and requeued (pid 16562)
2020-11-13 11:36:16 Info: job GenericNotification, id 28 (pid 16562)
2020-11-13 11:36:16 Info: job GenericEmail, id 29 (pid 16562)
2020-11-13 11:36:16 Info: job GenericEmail, id 29 failed and requeued (pid 16562)
2020-11-13 11:36:16 Info: job GenericNotification, id 30 (pid 16562)
2020-11-13 11:36:16 Info: job GenericEmail, id 31 (pid 16562)
2020-11-13 11:36:16 Info: job GenericEmail, id 31 failed and requeued (pid 16562)
2020-11-13 11:36:16 Info: job GenericNotification, id 32 (pid 16562)
2020-11-13 11:36:16 Info: job GenericEmail, id 33 (pid 16562)
2020-11-13 11:36:16 Info: job GenericEmail, id 33 failed and requeued (pid 16562)
2020-11-13 11:36:16 Info: job GenericNotification, id 34 (pid 16562)
2020-11-13 11:36:16 Info: job GenericEmail, id 35 (pid 16562)
2020-11-13 11:36:16 Info: job GenericEmail, id 35 failed and requeued (pid 16562)
2020-11-13 11:36:16 Info: job GenericNotification, id 36 (pid 16562)
2020-11-13 11:36:16 Info: job GenericEmail, id 37 (pid 16562)
2020-11-13 11:36:16 Info: job GenericEmail, id 37 failed and requeued (pid 16562)
2020-11-13 11:36:16 Info: job GenericNotification, id 38 (pid 16562)
2020-11-13 11:36:16 Info: job GenericEmail, id 39 (pid 16562)
2020-11-13 11:36:16 Info: job GenericEmail, id 39 failed and requeued (pid 16562)
2020-11-13 11:36:16 Info: job GenericNotification, id 40 (pid 16562)
2020-11-13 11:36:16 Info: job GenericEmail, id 41 (pid 16562)
2023-02-13 13:29:03 Info: job GenericEmail, id 1 (pid 1)
2023-02-13 13:29:07 Info: job GenericNotification, id 2 (pid 1)
2023-02-13 13:46:58 Info: job GenericEmail, id 1 (pid 38)
2023-02-13 13:47:02 Info: job GenericNotification, id 2 (pid 38)
2023-02-13 14:13:56 Info: job GenericEmail, id 1 (pid 30)
2023-02-13 14:14:01 Info: job GenericNotification, id 2 (pid 30)
2023-02-13 14:16:28 Info: job GenericEmail, id 3 (pid 38)
2023-02-13 14:16:33 Info: job GenericNotification, id 4 (pid 38)
2023-02-13 14:55:07 Info: job GenericEmail, id 1 (pid 30)
2023-02-13 14:55:12 Info: job GenericNotification, id 2 (pid 30)
2023-02-13 14:57:11 Info: job GenericEmail, id 3 (pid 38)
2023-02-13 14:57:16 Info: job GenericNotification, id 4 (pid 38)
2023-02-13 15:32:50 Info: job GenericEmail, id 1 (pid 29)
2023-02-13 15:32:54 Info: job GenericNotification, id 2 (pid 29)
2023-02-13 15:36:50 Info: job GenericEmail, id 3 (pid 37)
2023-02-13 15:36:54 Info: job GenericNotification, id 4 (pid 37)
2023-02-13 15:36:55 Info: job GenericEmail, id 5 (pid 37)
2023-02-13 15:36:58 Info: job GenericNotification, id 6 (pid 37)
2023-02-13 15:36:58 Info: job GenericNotification, id 7 (pid 37)
2023-02-13 15:36:58 Info: job GenericNotification, id 8 (pid 37)
2023-02-13 15:37:58 Info: job GenericEmail, id 9 (pid 37)
2023-02-13 15:38:01 Info: job GenericNotification, id 10 (pid 37)
2023-02-13 15:38:01 Info: job GenericNotification, id 11 (pid 37)
2023-02-16 08:29:58 Info: job GenericEmail, id 1 (pid 32)
2023-02-16 08:30:03 Info: job GenericNotification, id 2 (pid 32)
2023-02-16 08:43:43 Info: job GenericEmail, id 3 (pid 853)
2023-02-16 08:43:45 Info: job GenericNotification, id 4 (pid 853)
2023-02-16 08:43:45 Info: job GenericEmail, id 5 (pid 853)
2023-02-16 08:43:48 Info: job GenericNotification, id 6 (pid 853)
2023-02-16 08:43:48 Info: job GenericNotification, id 7 (pid 853)
2023-02-16 08:43:48 Info: job GenericEmail, id 8 (pid 853)
2023-02-16 08:43:51 Info: job GenericNotification, id 9 (pid 853)
2023-02-16 08:43:51 Info: job GenericNotification, id 10 (pid 853)
2023-02-16 08:55:04 Info: job GenericEmail, id 11 (pid 861)
2023-02-16 08:55:08 Info: job GenericNotification, id 12 (pid 861)
2023-02-16 08:55:08 Info: job GenericNotification, id 13 (pid 861)
2023-02-16 08:55:08 Info: job GenericEmail, id 14 (pid 861)
2023-02-16 08:55:11 Info: job GenericNotification, id 15 (pid 861)
2023-02-16 13:46:29 Info: job GenericEmail, id 1 (pid 31)
2023-02-16 13:46:33 Info: job GenericNotification, id 2 (pid 31)
2023-02-16 20:03:16 Info: job GenericEmail, id 3 (pid 30)
2023-02-16 20:03:21 Info: job GenericNotification, id 4 (pid 30)
2023-02-16 20:03:21 Info: job GenericEmail, id 5 (pid 30)
2023-02-16 20:03:24 Info: job GenericNotification, id 6 (pid 30)
2023-02-16 20:03:24 Info: job GenericNotification, id 7 (pid 30)
2023-02-16 20:03:24 Info: job GenericEmail, id 8 (pid 30)
2023-02-16 20:03:28 Info: job GenericNotification, id 9 (pid 30)
2023-02-16 20:03:28 Info: job GenericNotification, id 10 (pid 30)
2023-02-17 07:55:57 Info: job GenericEmail, id 1 (pid 32)
2023-02-17 07:56:02 Info: job GenericNotification, id 2 (pid 32)
2023-02-17 07:57:12 Info: job GenericEmail, id 3 (pid 32)
2023-02-17 07:57:16 Info: job GenericNotification, id 4 (pid 32)
2023-02-17 08:36:08 Info: job GenericEmail, id 1 (pid 11)
2023-02-17 08:36:13 Info: job GenericNotification, id 2 (pid 11)
2023-02-17 08:37:54 Info: job GenericEmail, id 3 (pid 27)
2023-02-17 08:37:58 Info: job GenericNotification, id 4 (pid 27)
2023-02-17 08:44:43 Info: job GenericEmail, id 5 (pid 65)
2023-02-17 08:44:47 Info: job GenericNotification, id 6 (pid 65)
2023-02-17 08:44:47 Info: job GenericNotification, id 7 (pid 65)
2023-02-17 10:50:23 Info: job GenericEmail, id 8 (pid 415)
2023-02-17 10:50:28 Info: job GenericNotification, id 9 (pid 415)
2023-02-17 10:50:29 Info: job GenericNotification, id 10 (pid 415)
2023-02-17 10:55:32 Info: job GenericEmail, id 11 (pid 440)
2023-02-17 10:55:36 Info: job GenericNotification, id 12 (pid 440)
2023-02-17 10:55:36 Info: job GenericNotification, id 13 (pid 440)
2023-02-17 10:55:36 Info: job GenericEmail, id 14 (pid 440)
2023-02-17 10:55:39 Info: job GenericNotification, id 15 (pid 440)
2023-02-17 10:55:49 Info: job GenericEmail, id 16 (pid 440)
2023-02-17 10:55:52 Info: job GenericNotification, id 17 (pid 440)
2023-02-17 10:55:52 Info: job GenericEmail, id 18 (pid 440)
2023-02-17 10:55:55 Info: job GenericNotification, id 19 (pid 440)
2023-02-17 10:55:55 Info: job GenericEmail, id 20 (pid 440)
2023-02-17 10:55:55 Info: job GenericEmail, id 20 failed and requeued (pid 440)
2023-02-17 10:55:55 Info: job GenericNotification, id 21 (pid 440)
2023-02-17 10:56:15 Info: job GenericEmail, id 20 (pid 440)
2023-02-17 10:56:15 Info: job GenericEmail, id 20 failed and requeued (pid 440)
2023-02-17 10:56:35 Info: job GenericEmail, id 20 (pid 455)
2023-02-17 10:56:35 Info: job GenericEmail, id 20 failed and requeued (pid 455)
2023-02-17 10:56:45 Info: job GenericEmail, id 22 (pid 455)
2023-02-17 10:56:49 Info: job GenericEmail, id 20 (pid 455)
2023-02-17 10:56:49 Info: job GenericEmail, id 20 failed and aborted (pid 455)
2023-02-17 10:56:49 Info: job GenericNotification, id 23 (pid 455)
2023-02-17 10:56:49 Info: job GenericEmail, id 24 (pid 455)
2023-02-17 10:56:52 Info: job GenericNotification, id 25 (pid 455)
2023-02-17 10:56:52 Info: job GenericEmail, id 26 (pid 455)
2023-02-17 10:56:52 Info: job GenericEmail, id 26 failed and requeued (pid 455)
2023-02-17 10:56:52 Info: job GenericNotification, id 27 (pid 455)
2023-02-17 10:57:12 Info: job GenericEmail, id 26 (pid 455)
2023-02-17 10:57:12 Info: job GenericEmail, id 26 failed and requeued (pid 455)
2023-02-17 10:57:33 Info: job GenericEmail, id 26 (pid 455)
2023-02-17 10:57:33 Info: job GenericEmail, id 26 failed and requeued (pid 455)
2023-02-17 10:57:43 Info: job GenericEmail, id 26 (pid 455)
2023-02-17 10:57:43 Info: job GenericEmail, id 26 failed and aborted (pid 455)
2023-02-24 10:13:12 Info: job GenericEmail, id 1 (pid 27)
2023-02-24 10:13:17 Info: job GenericNotification, id 2 (pid 27)
2023-02-24 10:18:52 Info: job GenericEmail, id 3 (pid 883)
2023-02-24 10:18:56 Info: job GenericNotification, id 4 (pid 883)
2023-02-24 10:18:56 Info: job GenericEmail, id 5 (pid 883)
2023-02-24 10:19:00 Info: job GenericNotification, id 6 (pid 883)
2023-02-24 10:19:00 Info: job GenericEmail, id 7 (pid 883)
2023-02-24 10:19:03 Info: job GenericNotification, id 8 (pid 883)
2023-02-24 10:20:45 Info: job GenericEmail, id 9 (pid 891)
2023-02-24 10:20:48 Info: job GenericNotification, id 10 (pid 891)
2023-02-24 10:20:48 Info: job GenericEmail, id 11 (pid 891)
2023-02-24 10:20:51 Info: job GenericNotification, id 12 (pid 891)
2023-02-24 10:20:51 Info: job GenericEmail, id 13 (pid 891)
2023-02-24 10:20:54 Info: job GenericNotification, id 14 (pid 891)
2023-02-24 14:07:32 Info: job Technical, id 15 (pid 80)
2023-02-24 14:07:32 Info: job Technical, id 15 failed and requeued (pid 80)
2023-02-24 14:07:32 Info: job Technical, id 16 (pid 80)
2023-02-24 14:07:32 Info: job Technical, id 16 failed and requeued (pid 80)
2023-02-24 14:07:32 Info: job Technical, id 17 (pid 80)
2023-02-24 14:07:32 Info: job Technical, id 17 failed and requeued (pid 80)
2023-02-24 14:07:32 Info: job Technical, id 18 (pid 80)
2023-02-24 14:07:32 Info: job Technical, id 18 failed and requeued (pid 80)
2023-02-24 14:07:32 Info: job Technical, id 19 (pid 80)
2023-02-24 14:07:32 Info: job Technical, id 19 failed and requeued (pid 80)
2023-02-24 14:07:32 Info: job Technical, id 20 (pid 80)
2023-02-24 14:07:32 Info: job Technical, id 20 failed and requeued (pid 80)
2023-02-24 14:07:32 Info: job Technical, id 21 (pid 80)
2023-02-24 14:07:32 Info: job Technical, id 21 failed and requeued (pid 80)
2023-02-24 14:07:32 Info: job Technical, id 22 (pid 80)
2023-02-24 14:07:32 Info: job Technical, id 22 failed and requeued (pid 80)
2023-02-24 14:07:32 Info: job Technical, id 23 (pid 80)
2023-02-24 14:07:32 Info: job Technical, id 23 failed and requeued (pid 80)
2023-02-24 14:07:32 Info: job Technical, id 24 (pid 80)
2023-02-24 14:07:32 Info: job Technical, id 24 failed and requeued (pid 80)
2023-02-24 14:09:33 Info: job Technical, id 15 (pid 88)
2023-02-24 14:09:33 Info: job Technical, id 16 (pid 88)
2023-02-24 14:09:33 Info: job Technical, id 17 (pid 88)
2023-02-24 14:09:33 Info: job Technical, id 18 (pid 88)
2023-02-24 14:09:33 Info: job Technical, id 19 (pid 88)
2023-02-24 14:09:33 Info: job Technical, id 20 (pid 88)
2023-02-24 14:09:33 Info: job Technical, id 21 (pid 88)
2023-02-24 14:09:33 Info: job Technical, id 22 (pid 88)
2023-02-24 14:09:33 Info: job Technical, id 23 (pid 88)
2023-02-24 14:09:33 Info: job Technical, id 24 (pid 88)
2023-02-24 14:13:47 Info: job Technical, id 25 (pid 128)
2023-02-24 14:13:47 Info: job Technical, id 25 failed and requeued (pid 128)
2023-02-24 14:14:07 Info: job Technical, id 25 (pid 128)
2023-02-24 14:14:07 Info: job Technical, id 25 failed and requeued (pid 128)
2023-02-24 14:14:27 Info: job Technical, id 25 (pid 128)
2023-02-24 14:14:27 Info: job Technical, id 25 failed and requeued (pid 128)
2023-02-24 14:14:37 Info: job Technical, id 26 (pid 128)
2023-02-24 14:14:37 Info: job Technical, id 26 failed and requeued (pid 128)
2023-02-24 14:14:47 Info: job Technical, id 25 (pid 128)
2023-02-24 14:14:47 Info: job Technical, id 25 failed and aborted (pid 128)
2023-02-24 14:14:57 Info: job Technical, id 26 (pid 128)
2023-02-24 14:14:57 Info: job Technical, id 26 failed and requeued (pid 128)
2023-02-24 14:15:08 Info: job Technical, id 26 (pid 160)
2023-02-24 14:15:08 Info: job Technical, id 26 failed and requeued (pid 160)
2023-02-24 14:15:08 Info: job Technical, id 27 (pid 160)
2023-02-24 14:15:08 Info: job Technical, id 27 failed and requeued (pid 160)
2023-02-24 14:15:28 Info: job Technical, id 26 (pid 160)
2023-02-24 14:15:28 Info: job Technical, id 26 failed and aborted (pid 160)
2023-02-24 14:15:28 Info: job Technical, id 27 (pid 160)
2023-02-24 14:15:28 Info: job Technical, id 27 failed and requeued (pid 160)
2023-02-24 14:15:48 Info: job Technical, id 27 (pid 160)
2023-02-24 14:15:48 Info: job Technical, id 27 failed and requeued (pid 160)
2023-02-24 14:15:48 Info: job Technical, id 28 (pid 160)
2023-02-24 14:15:48 Info: job Technical, id 28 failed and requeued (pid 160)
2023-02-24 14:16:08 Info: job Technical, id 27 (pid 160)
2023-02-24 14:16:08 Info: job Technical, id 27 failed and aborted (pid 160)
2023-02-24 14:16:08 Info: job Technical, id 28 (pid 160)
2023-02-24 14:16:08 Info: job Technical, id 28 failed and requeued (pid 160)
2023-02-24 14:16:08 Info: job Technical, id 29 (pid 160)
2023-02-24 14:16:08 Info: job Technical, id 29 failed and requeued (pid 160)
2023-02-24 14:16:28 Info: job Technical, id 28 (pid 160)
2023-02-24 14:16:28 Info: job Technical, id 28 failed and requeued (pid 160)
2023-02-24 14:16:28 Info: job Technical, id 29 (pid 160)
2023-02-24 14:16:28 Info: job Technical, id 29 failed and requeued (pid 160)
2023-02-24 14:16:39 Info: job Technical, id 28 (pid 184)
2023-02-24 14:16:39 Info: job Technical, id 28 failed and aborted (pid 184)
2023-02-24 14:16:39 Info: job Technical, id 29 (pid 184)
2023-02-24 14:16:39 Info: job Technical, id 29 failed and requeued (pid 184)
2023-02-24 14:16:50 Info: job Technical, id 29 (pid 184)
2023-02-24 14:16:50 Info: job Technical, id 29 failed and aborted (pid 184)
2023-02-24 14:17:30 Info: job Technical, id 30 (pid 184)
2023-02-24 14:17:30 Info: job Technical, id 30 failed and requeued (pid 184)
2023-02-24 14:17:50 Info: job Technical, id 30 (pid 184)
2023-02-24 14:17:50 Info: job Technical, id 30 failed and requeued (pid 184)
2023-02-24 14:18:11 Info: job Technical, id 30 (pid 200)
2023-02-24 14:18:15 Info: job Technical, id 30 failed and requeued (pid 200)
2023-02-24 14:18:25 Info: job Technical, id 30 (pid 200)
2023-02-24 14:18:29 Info: job Technical, id 30 failed and aborted (pid 200)
2023-02-24 14:22:42 Info: job Technical, id 31 (pid 216)
2023-02-24 14:22:46 Info: job Technical, id 31 failed and requeued (pid 216)
2023-02-24 14:22:57 Info: job Technical, id 31 (pid 232)
2023-02-24 14:23:00 Info: job Technical, id 31 failed and requeued (pid 232)
2023-02-24 14:23:10 Info: job Technical, id 31 (pid 232)
2023-02-24 14:23:14 Info: job Technical, id 31 failed and requeued (pid 232)
2023-02-24 14:23:14 Info: job Technical, id 32 (pid 232)
2023-02-24 14:23:17 Info: job Technical, id 32 failed and requeued (pid 232)
2023-02-24 14:23:27 Info: job Technical, id 31 (pid 232)
2023-02-24 14:23:31 Info: job Technical, id 31 failed and aborted (pid 232)
2023-02-24 14:23:31 Info: job Technical, id 32 (pid 232)
2023-02-24 14:23:34 Info: job Technical, id 32 failed and requeued (pid 232)
2023-02-24 14:23:44 Info: job Technical, id 32 (pid 232)
2023-02-24 14:23:48 Info: job Technical, id 32 failed and requeued (pid 232)
2023-02-24 14:23:58 Info: job Technical, id 32 (pid 232)
2023-02-24 14:24:01 Info: job Technical, id 32 failed and aborted (pid 232)
2023-02-24 14:24:52 Info: job Technical, id 33 (pid 248)
2023-02-24 14:24:55 Info: job Technical, id 33 failed and requeued (pid 248)
2023-02-24 14:25:05 Info: job Technical, id 33 (pid 248)
2023-02-24 14:25:08 Info: job Technical, id 33 failed and requeued (pid 248)
2023-02-24 14:25:18 Info: job Technical, id 33 (pid 248)
2023-02-24 14:25:21 Info: job Technical, id 33 failed and requeued (pid 248)
2023-02-24 14:25:31 Info: job Technical, id 33 (pid 248)
2023-02-24 14:25:35 Info: job Technical, id 33 failed and aborted (pid 248)
2023-02-24 14:26:46 Info: job Technical, id 34 (pid 264)
2023-02-24 14:26:50 Info: job Technical, id 34 failed and requeued (pid 264)
2023-02-24 14:28:51 Info: job Technical, id 34 (pid 280)
2023-02-24 14:28:55 Info: job Technical, id 34 failed and aborted (pid 280)
2023-02-24 14:51:14 Info: job Technical, id 35 (pid 432)
2023-02-24 14:51:18 Info: job Technical, id 35 failed and requeued (pid 432)
2023-02-24 14:53:20 Info: job Technical, id 35 (pid 449)
2023-02-24 14:53:24 Info: job Technical, id 35 failed and aborted (pid 449)
2023-02-25 15:51:36 Info: job GenericEmail, id 36 (pid 215)
2023-02-25 15:51:40 Info: job GenericNotification, id 37 (pid 215)
2023-02-25 15:51:40 Info: job GenericNotification, id 38 (pid 215)
2023-02-25 15:51:40 Info: job GenericNotification, id 39 (pid 215)
2023-02-25 15:52:22 Info: job GenericEmail, id 40 (pid 223)
2023-02-25 15:52:28 Info: job GenericNotification, id 41 (pid 223)
2023-02-25 15:52:28 Info: job GenericNotification, id 42 (pid 223)
2023-02-25 15:54:19 Info: job GenericEmail, id 43 (pid 231)
2023-02-25 15:54:23 Info: job GenericNotification, id 44 (pid 231)
2023-02-25 15:54:23 Info: job GenericNotification, id 45 (pid 231)
2023-02-25 15:54:23 Info: job GenericEmail, id 46 (pid 231)
2023-02-25 15:54:26 Info: job GenericNotification, id 47 (pid 231)
2023-07-11 11:13:22 Info: job GenericEmail, id 38459 (pid 3905)
2023-07-11 11:13:23 Info: job GenericNotification, id 38460 (pid 3905)
2023-07-11 11:13:23 Info: job GenericEmail, id 38461 (pid 3905)
2023-07-11 11:13:24 Info: job GenericNotification, id 38462 (pid 3905)
2023-07-11 11:13:24 Info: job GenericEmail, id 38463 (pid 3905)
2023-07-11 11:13:25 Info: job GenericNotification, id 38464 (pid 3905)
2023-07-11 11:13:25 Info: job GenericEmail, id 38465 (pid 3905)
2023-07-11 11:13:25 Info: job GenericNotification, id 38466 (pid 3905)
2023-07-11 11:13:25 Info: job GenericEmail, id 38467 (pid 3905)
2023-07-11 11:13:27 Info: job GenericNotification, id 38468 (pid 3905)
2023-07-11 11:13:27 Info: job GenericEmail, id 38469 (pid 3905)
2023-07-11 11:13:28 Info: job GenericNotification, id 38470 (pid 3905)
2023-07-11 11:13:28 Info: job GenericEmail, id 38471 (pid 3905)
2023-07-11 11:13:29 Info: job GenericNotification, id 38472 (pid 3905)
2023-07-11 11:13:29 Info: job GenericEmail, id 38473 (pid 3905)
2023-07-11 11:13:30 Info: job GenericNotification, id 38474 (pid 3905)
2023-07-11 11:13:30 Info: job GenericEmail, id 38475 (pid 3905)
2023-07-11 11:13:30 Info: job GenericNotification, id 38476 (pid 3905)
2023-07-11 11:13:30 Info: job GenericEmail, id 38477 (pid 3905)
2023-07-11 11:13:31 Info: job GenericNotification, id 38478 (pid 3905)
2023-07-11 11:13:31 Info: job GenericEmail, id 38479 (pid 3905)
2023-07-11 11:13:33 Info: job GenericNotification, id 38480 (pid 3905)
2023-07-11 11:13:33 Info: job GenericEmail, id 38481 (pid 3905)
2023-07-11 11:13:34 Info: job GenericNotification, id 38482 (pid 3905)
2023-07-11 11:13:34 Info: job GenericEmail, id 38483 (pid 3905)
2023-07-11 11:13:35 Info: job GenericNotification, id 38484 (pid 3905)
2023-07-11 11:13:35 Info: job GenericEmail, id 38485 (pid 3905)
2023-07-11 11:13:36 Info: job GenericNotification, id 38486 (pid 3905)
2023-07-11 11:13:36 Info: job GenericEmail, id 38487 (pid 3905)
2023-07-11 11:13:36 Info: job GenericNotification, id 38488 (pid 3905)
2023-07-11 11:13:36 Info: job GenericEmail, id 38489 (pid 3905)
2023-07-11 11:13:37 Info: job GenericNotification, id 38490 (pid 3905)
2023-07-11 11:28:44 Info: job GenericEmail, id 38491 (pid 6036)
2023-07-11 11:28:45 Info: job GenericNotification, id 38492 (pid 6036)
2023-07-11 11:28:45 Info: job GenericNotification, id 38493 (pid 6036)
2023-07-11 11:28:45 Info: job GenericNotification, id 38494 (pid 6036)
2023-07-11 13:18:07 Info: job GenericEmail, id 38495 (pid 7502)
2023-07-11 13:18:09 Info: job GenericNotification, id 38496 (pid 7502)
2023-07-11 13:18:09 Info: job GenericNotification, id 38497 (pid 7502)
2023-07-11 13:18:09 Info: job GenericNotification, id 38498 (pid 7502)
2023-07-11 13:18:09 Info: job GenericNotification, id 38499 (pid 7502)
2023-07-11 13:18:09 Info: job GenericNotification, id 38500 (pid 7502)
2023-07-11 13:21:23 Info: job GenericEmail, id 38501 (pid 8011)
2023-07-11 13:21:24 Info: job GenericNotification, id 38502 (pid 8011)
2023-07-11 13:21:24 Info: job GenericEmail, id 38503 (pid 8011)
2023-07-11 13:21:24 Info: job GenericNotification, id 38504 (pid 8011)
2023-07-11 13:21:24 Info: job GenericEmail, id 38505 (pid 8011)
2023-07-11 13:21:25 Info: job GenericNotification, id 38506 (pid 8011)
2023-07-11 13:21:25 Info: job GenericEmail, id 38507 (pid 8011)
2023-07-11 13:21:26 Info: job GenericNotification, id 38508 (pid 8011)
2023-07-11 13:21:26 Info: job GenericEmail, id 38509 (pid 8011)
2023-07-11 13:21:27 Info: job GenericNotification, id 38510 (pid 8011)
2023-07-11 13:22:17 Info: job GenericEmail, id 38511 (pid 8011)
2023-07-11 13:22:18 Info: job GenericNotification, id 38512 (pid 8011)
2023-07-11 13:22:18 Info: job GenericEmail, id 38513 (pid 8011)
2023-07-11 13:22:19 Info: job GenericNotification, id 38514 (pid 8011)
2023-07-11 13:22:19 Info: job GenericEmail, id 38515 (pid 8011)
2023-07-11 13:22:20 Info: job GenericNotification, id 38516 (pid 8011)
2023-07-11 13:22:20 Info: job GenericEmail, id 38517 (pid 8011)
2023-07-11 13:22:21 Info: job GenericNotification, id 38518 (pid 8011)
2023-07-11 13:22:21 Info: job GenericEmail, id 38519 (pid 8011)
2023-07-11 13:22:22 Info: job GenericNotification, id 38520 (pid 8011)
2023-07-11 13:27:19 Info: job GenericEmail, id 38521 (pid 8704)
2023-07-11 13:27:20 Info: job GenericNotification, id 38522 (pid 8704)
2023-07-11 13:27:20 Info: job GenericEmail, id 38523 (pid 8704)
2023-07-11 13:27:21 Info: job GenericNotification, id 38524 (pid 8704)
2023-07-11 13:27:21 Info: job GenericEmail, id 38525 (pid 8704)
2023-07-11 13:27:21 Info: job GenericNotification, id 38526 (pid 8704)
2023-07-11 13:27:21 Info: job GenericEmail, id 38527 (pid 8704)
2023-07-11 13:27:22 Info: job GenericNotification, id 38528 (pid 8704)
2023-07-11 13:27:22 Info: job GenericEmail, id 38529 (pid 8704)
2023-07-11 13:27:23 Info: job GenericNotification, id 38530 (pid 8704)
